<?xml version="1.0" encoding="UTF-8"?>
<!-- Generated by org.testng.reporters.JUnitReportReporter -->
<testsuite hostname="sabari" failures="0" tests="2" name="com.TestNG.Cross_Browser" time="170.528" errors="0" timestamp="2022-12-28T13:18:45 IST" skipped="0">
  <testcase classname="com.TestNG.Cross_Browser" name="gecko" time="67.640"/>
  <system-out/>
  <testcase classname="com.TestNG.Cross_Browser" name="chrome" time="102.888"/>
  <system-out/>
</testsuite> <!-- com.TestNG.Cross_Browser -->
