<?xml version="1.0" encoding="UTF-8"?>
<!-- Generated by org.testng.reporters.JUnitReportReporter -->
<testsuite hostname="sabari" failures="0" tests="2" name="com.TestNG.Exception_Test" time="0.013" errors="0" timestamp="2022-12-27T11:05:09 IST" skipped="0">
  <testcase classname="com.TestNG.Exception_Test" name="divide" time="0.001"/>
  <system-out/>
  <testcase classname="com.TestNG.Exception_Test" name="add" time="0.012"/>
  <system-out/>
</testsuite> <!-- com.TestNG.Exception_Test -->
