<?xml version="1.0" encoding="UTF-8"?>
<!-- Generated by org.testng.reporters.JUnitReportReporter -->
<testsuite hostname="sabari" failures="0" tests="6" name="com.TestNG.SimpleAnnotation" time="16.843" errors="0" timestamp="2022-12-26T11:33:57 IST" skipped="1">
  <testcase classname="com.TestNG.SimpleAnnotation" name="shoes" time="2.816"/>
  <system-out/>
  <testcase classname="com.TestNG.SimpleAnnotation" name="shoes" time="2.318"/>
  <system-out/>
  <testcase classname="com.TestNG.SimpleAnnotation" name="mobile" time="3.365"/>
  <system-out/>
  <testcase classname="com.TestNG.SimpleAnnotation" name="watch" time="4.834"/>
  <system-out/>
  <testcase classname="com.TestNG.SimpleAnnotation" name="watch" time="3.510"/>
  <system-out/>
  <testcase classname="com.TestNG.SimpleAnnotation" name="lapTop">
    <skipped/>
  </testcase> <!-- lapTop -->
  <system-out/>
</testsuite> <!-- com.TestNG.SimpleAnnotation -->
