<?xml version="1.0" encoding="UTF-8"?>
<!-- Generated by org.testng.reporters.JUnitReportReporter -->
<testsuite hostname="sabari" failures="0" tests="2" name="com.TestNG.Parallel_Test" time="64.800" errors="0" timestamp="2022-12-28T13:05:18 IST" skipped="0">
  <testcase classname="com.TestNG.Parallel_Test" name="gecko" time="26.809"/>
  <system-out/>
  <testcase classname="com.TestNG.Parallel_Test" name="chrome" time="37.991"/>
  <system-out/>
</testsuite> <!-- com.TestNG.Parallel_Test -->
