<?xml version="1.0" encoding="UTF-8"?>
<!-- Generated by org.testng.reporters.JUnitReportReporter -->
<testsuite hostname="sabari" failures="0" tests="1" name="com.TestNG.Assert_Concept" time="33.678" errors="0" timestamp="2022-12-29T13:22:28 IST" skipped="0">
  <testcase classname="com.TestNG.Assert_Concept" name="setUp" time="33.678"/>
  <system-out/>
</testsuite> <!-- com.TestNG.Assert_Concept -->
